# JRE version: OpenJDK Runtime Environment (11.0.10) (build 11.0.10+0-b96-7249189)
# Java VM: OpenJDK 64-Bit Server VM (11.0.10+0-b96-7249189, mixed mode, tiered, compressed oops, g1 gc, windows-amd64)
Heap:
 garbage-first heap   total 674816K, used 215017K [0x0000000080000000, 0x0000000100000000)
  region size 1024K, 3 young (3072K), 3 survivors (3072K)
 Metaspace       used 98407K, capacity 100956K, committed 101120K, reserved 1136640K
  class space    used 12860K, capacity 13801K, committed 13824K, reserved 1048576K
GC Heap History (20 events):
Event: 22.908 GC heap after
{Heap after GC invocations=30 (full 0):
 garbage-first heap   total 201728K, used 158513K [0x0000000080000000, 0x0000000100000000)
  region size 1024K, 3 young (3072K), 3 survivors (3072K)
 Metaspace       used 95006K, capacity 97314K, committed 97536K, reserved 1134592K
  class space    used 12425K, capacity 13281K, committed 13312K, reserved 1048576K
}
Event: 22.953 GC heap before
{Heap before GC invocations=30 (full 0):
 garbage-first heap   total 201728K, used 169777K [0x0000000080000000, 0x0000000100000000)
  region size 1024K, 14 young (14336K), 3 survivors (3072K)
 Metaspace       used 95019K, capacity 97317K, committed 97536K, reserved 1134592K
  class space    used 12425K, capacity 13281K, committed 13312K, reserved 1048576K
}
Event: 22.975 GC heap after
{Heap after GC invocations=31 (full 0):
 garbage-first heap   total 268288K, used 164864K [0x0000000080000000, 0x0000000100000000)
  region size 1024K, 2 young (2048K), 2 survivors (2048K)
 Metaspace       used 95019K, capacity 97317K, committed 97536K, reserved 1134592K
  class space    used 12425K, capacity 13281K, committed 13312K, reserved 1048576K
}
Event: 23.331 GC heap before
{Heap before GC invocations=31 (full 0):
 garbage-first heap   total 268288K, used 201728K [0x0000000080000000, 0x0000000100000000)
  region size 1024K, 38 young (38912K), 2 survivors (2048K)
 Metaspace       used 95034K, capacity 97317K, committed 97536K, reserved 1134592K
  class space    used 12425K, capacity 13281K, committed 13312K, reserved 1048576K
}
Event: 23.362 GC heap after
{Heap after GC invocations=32 (full 0):
 garbage-first heap   total 268288K, used 183555K [0x0000000080000000, 0x0000000100000000)
  region size 1024K, 5 young (5120K), 5 survivors (5120K)
 Metaspace       used 95034K, capacity 97317K, committed 97536K, reserved 1134592K
  class space    used 12425K, capacity 13281K, committed 13312K, reserved 1048576K
}
Event: 23.768 GC heap before
{Heap before GC invocations=33 (full 0):
 garbage-first heap   total 268288K, used 211203K [0x0000000080000000, 0x0000000100000000)
  region size 1024K, 32 young (32768K), 5 survivors (5120K)
 Metaspace       used 96864K, capacity 99191K, committed 99328K, reserved 1134592K
  class space    used 12692K, capacity 13561K, committed 13568K, reserved 1048576K
}
Event: 23.860 GC heap after
{Heap after GC invocations=34 (full 0):
 garbage-first heap   total 268288K, used 194403K [0x0000000080000000, 0x0000000100000000)
  region size 1024K, 4 young (4096K), 4 survivors (4096K)
 Metaspace       used 96864K, capacity 99191K, committed 99328K, reserved 1134592K
  class space    used 12692K, capacity 13561K, committed 13568K, reserved 1048576K
}
Event: 24.100 GC heap before
{Heap before GC invocations=34 (full 0):
 garbage-first heap   total 268288K, used 215907K [0x0000000080000000, 0x0000000100000000)
  region size 1024K, 26 young (26624K), 4 survivors (4096K)
 Metaspace       used 97397K, capacity 99880K, committed 100096K, reserved 1136640K
  class space    used 12786K, capacity 13706K, committed 13824K, reserved 1048576K
}
Event: 24.113 GC heap after
{Heap after GC invocations=35 (full 0):
 garbage-first heap   total 268288K, used 199297K [0x0000000080000000, 0x0000000100000000)
  region size 1024K, 4 young (4096K), 4 survivors (4096K)
 Metaspace       used 97397K, capacity 99880K, committed 100096K, reserved 1136640K
  class space    used 12786K, capacity 13706K, committed 13824K, reserved 1048576K
}
Event: 24.599 GC heap before
{Heap before GC invocations=36 (full 0):
 garbage-first heap   total 268288K, used 209537K [0x0000000080000000, 0x0000000100000000)
  region size 1024K, 25 young (25600K), 4 survivors (4096K)
 Metaspace       used 97548K, capacity 100039K, committed 100352K, reserved 1136640K
  class space    used 12783K, capacity 13700K, committed 13824K, reserved 1048576K
}
Event: 24.617 GC heap after
{Heap after GC invocations=37 (full 0):
 garbage-first heap   total 415744K, used 191215K [0x0000000080000000, 0x0000000100000000)
  region size 1024K, 4 young (4096K), 4 survivors (4096K)
 Metaspace       used 97548K, capacity 100039K, committed 100352K, reserved 1136640K
  class space    used 12783K, capacity 13700K, committed 13824K, reserved 1048576K
}
Event: 24.771 GC heap before
{Heap before GC invocations=37 (full 0):
 garbage-first heap   total 415744K, used 206575K [0x0000000080000000, 0x0000000100000000)
  region size 1024K, 20 young (20480K), 4 survivors (4096K)
 Metaspace       used 97859K, capacity 100328K, committed 100608K, reserved 1136640K
  class space    used 12817K, capacity 13748K, committed 13824K, reserved 1048576K
}
Event: 24.782 GC heap after
{Heap after GC invocations=38 (full 0):
 garbage-first heap   total 415744K, used 191856K [0x0000000080000000, 0x0000000100000000)
  region size 1024K, 2 young (2048K), 2 survivors (2048K)
 Metaspace       used 97859K, capacity 100328K, committed 100608K, reserved 1136640K
  class space    used 12817K, capacity 13748K, committed 13824K, reserved 1048576K
}
Event: 24.897 GC heap before
{Heap before GC invocations=38 (full 0):
 garbage-first heap   total 415744K, used 205168K [0x0000000080000000, 0x0000000100000000)
  region size 1024K, 16 young (16384K), 2 survivors (2048K)
 Metaspace       used 97877K, capacity 100329K, committed 100608K, reserved 1136640K
  class space    used 12817K, capacity 13748K, committed 13824K, reserved 1048576K
}
Event: 24.906 GC heap after
{Heap after GC invocations=39 (full 0):
 garbage-first heap   total 415744K, used 192797K [0x0000000080000000, 0x0000000100000000)
  region size 1024K, 3 young (3072K), 3 survivors (3072K)
 Metaspace       used 97877K, capacity 100329K, committed 100608K, reserved 1136640K
  class space    used 12817K, capacity 13748K, committed 13824K, reserved 1048576K
}
Event: 26.250 GC heap before
{Heap before GC invocations=40 (full 0):
 garbage-first heap   total 415744K, used 293149K [0x0000000080000000, 0x0000000100000000)
  region size 1024K, 84 young (86016K), 3 survivors (3072K)
 Metaspace       used 98389K, capacity 100942K, committed 101120K, reserved 1136640K
  class space    used 12857K, capacity 13796K, committed 13824K, reserved 1048576K
}
Event: 26.284 GC heap after
{Heap after GC invocations=41 (full 0):
 garbage-first heap   total 415744K, used 216376K [0x0000000080000000, 0x0000000100000000)
  region size 1024K, 8 young (8192K), 8 survivors (8192K)
 Metaspace       used 98389K, capacity 100942K, committed 101120K, reserved 1136640K
  class space    used 12857K, capacity 13796K, committed 13824K, reserved 1048576K
}
Event: 26.409 GC heap before
{Heap before GC invocations=41 (full 0):
 garbage-first heap   total 415744K, used 227640K [0x0000000080000000, 0x0000000100000000)
  region size 1024K, 20 young (20480K), 8 survivors (8192K)
 Metaspace       used 98407K, capacity 100956K, committed 101120K, reserved 1136640K
  class space    used 12860K, capacity 13801K, committed 13824K, reserved 1048576K
}
Event: 26.484 GC heap after
{Heap after GC invocations=42 (full 0):
 garbage-first heap   total 415744K, used 214569K [0x0000000080000000, 0x0000000100000000)
  region size 1024K, 3 young (3072K), 3 survivors (3072K)
 Metaspace       used 98407K, capacity 100956K, committed 101120K, reserved 1136640K
  class space    used 12860K, capacity 13801K, committed 13824K, reserved 1048576K
}
Event: 26.498 GC heap before
{Heap before GC invocations=42 (full 0):
 garbage-first heap   total 415744K, used 216617K [0x0000000080000000, 0x0000000100000000)
  region size 1024K, 6 young (6144K), 3 survivors (3072K)
 Metaspace       used 98407K, capacity 100956K, committed 101120K, reserved 1136640K
  class space    used 12860K, capacity 13801K, committed 13824K, reserved 1048576K
}

