# JRE version: OpenJDK Runtime Environment (11.0.10) (build 11.0.10+0-b96-7249189)
# Java VM: OpenJDK 64-Bit Server VM (11.0.10+0-b96-7249189, mixed mode, tiered, compressed oops, g1 gc, windows-amd64)
Heap:
 garbage-first heap   total 558080K, used 125361K [0x0000000080000000, 0x0000000100000000)
  region size 1024K, 2 young (2048K), 2 survivors (2048K)
 Metaspace       used 112779K, capacity 115469K, committed 116428K, reserved 1150976K
  class space    used 14206K, capacity 15245K, committed 15616K, reserved 1048576K
GC Heap History (20 events):
Event: 28.751 GC heap after
{Heap after GC invocations=58 (full 0):
 garbage-first heap   total 219136K, used 103590K [0x0000000080000000, 0x0000000100000000)
  region size 1024K, 1 young (1024K), 1 survivors (1024K)
 Metaspace       used 93125K, capacity 95169K, committed 95436K, reserved 1132544K
  class space    used 11648K, capacity 12421K, committed 12544K, reserved 1048576K
}
Event: 31.293 GC heap before
{Heap before GC invocations=59 (full 0):
 garbage-first heap   total 219136K, used 164006K [0x0000000080000000, 0x0000000100000000)
  region size 1024K, 65 young (66560K), 1 survivors (1024K)
 Metaspace       used 95513K, capacity 97658K, committed 97996K, reserved 1134592K
  class space    used 11903K, capacity 12705K, committed 12800K, reserved 1048576K
}
Event: 31.298 GC heap after
{Heap after GC invocations=60 (full 0):
 garbage-first heap   total 219136K, used 94582K [0x0000000080000000, 0x0000000100000000)
  region size 1024K, 3 young (3072K), 3 survivors (3072K)
 Metaspace       used 95513K, capacity 97658K, committed 97996K, reserved 1134592K
  class space    used 11903K, capacity 12705K, committed 12800K, reserved 1048576K
}
Event: 31.402 GC heap before
{Heap before GC invocations=60 (full 0):
 garbage-first heap   total 219136K, used 101750K [0x0000000080000000, 0x0000000100000000)
  region size 1024K, 10 young (10240K), 3 survivors (3072K)
 Metaspace       used 95882K, capacity 97955K, committed 98252K, reserved 1134592K
  class space    used 11944K, capacity 12739K, committed 12800K, reserved 1048576K
}
Event: 31.406 GC heap after
{Heap after GC invocations=61 (full 0):
 garbage-first heap   total 219136K, used 90565K [0x0000000080000000, 0x0000000100000000)
  region size 1024K, 1 young (1024K), 1 survivors (1024K)
 Metaspace       used 95882K, capacity 97955K, committed 98252K, reserved 1134592K
  class space    used 11944K, capacity 12739K, committed 12800K, reserved 1048576K
}
Event: 32.344 GC heap before
{Heap before GC invocations=61 (full 0):
 garbage-first heap   total 219136K, used 170437K [0x0000000080000000, 0x0000000100000000)
  region size 1024K, 80 young (81920K), 1 survivors (1024K)
 Metaspace       used 99031K, capacity 101196K, committed 101452K, reserved 1138688K
  class space    used 12325K, capacity 13130K, committed 13184K, reserved 1048576K
}
Event: 32.360 GC heap after
{Heap after GC invocations=62 (full 0):
 garbage-first heap   total 219136K, used 94395K [0x0000000080000000, 0x0000000100000000)
  region size 1024K, 5 young (5120K), 5 survivors (5120K)
 Metaspace       used 99031K, capacity 101196K, committed 101452K, reserved 1138688K
  class space    used 12325K, capacity 13130K, committed 13184K, reserved 1048576K
}
Event: 32.825 GC heap before
{Heap before GC invocations=62 (full 0):
 garbage-first heap   total 219136K, used 178363K [0x0000000080000000, 0x0000000100000000)
  region size 1024K, 84 young (86016K), 5 survivors (5120K)
 Metaspace       used 99821K, capacity 102032K, committed 102348K, reserved 1138688K
  class space    used 12418K, capacity 13213K, committed 13312K, reserved 1048576K
}
Event: 32.868 GC heap after
{Heap after GC invocations=63 (full 0):
 garbage-first heap   total 263168K, used 101449K [0x0000000080000000, 0x0000000100000000)
  region size 1024K, 9 young (9216K), 9 survivors (9216K)
 Metaspace       used 99821K, capacity 102032K, committed 102348K, reserved 1138688K
  class space    used 12418K, capacity 13213K, committed 13312K, reserved 1048576K
}
Event: 34.441 GC heap before
{Heap before GC invocations=63 (full 0):
 garbage-first heap   total 263168K, used 207945K [0x0000000080000000, 0x0000000100000000)
  region size 1024K, 114 young (116736K), 9 survivors (9216K)
 Metaspace       used 107198K, capacity 109933K, committed 110156K, reserved 1144832K
  class space    used 13586K, capacity 14634K, committed 14720K, reserved 1048576K
}
Event: 34.566 GC heap after
{Heap after GC invocations=64 (full 0):
 garbage-first heap   total 263168K, used 119955K [0x0000000080000000, 0x0000000100000000)
  region size 1024K, 15 young (15360K), 15 survivors (15360K)
 Metaspace       used 107198K, capacity 109933K, committed 110156K, reserved 1144832K
  class space    used 13586K, capacity 14634K, committed 14720K, reserved 1048576K
}
Event: 35.216 GC heap before
{Heap before GC invocations=64 (full 0):
 garbage-first heap   total 263168K, used 204947K [0x0000000080000000, 0x0000000100000000)
  region size 1024K, 99 young (101376K), 15 survivors (15360K)
 Metaspace       used 111718K, capacity 114739K, committed 114892K, reserved 1148928K
  class space    used 14317K, capacity 15506K, committed 15616K, reserved 1048576K
}
Event: 35.544 GC heap after
{Heap after GC invocations=65 (full 0):
 garbage-first heap   total 263168K, used 122724K [0x0000000080000000, 0x0000000100000000)
  region size 1024K, 4 young (4096K), 4 survivors (4096K)
 Metaspace       used 111718K, capacity 114739K, committed 114892K, reserved 1148928K
  class space    used 14317K, capacity 15506K, committed 15616K, reserved 1048576K
}
Event: 36.085 GC heap before
{Heap before GC invocations=65 (full 0):
 garbage-first heap   total 263168K, used 209764K [0x0000000080000000, 0x0000000100000000)
  region size 1024K, 89 young (91136K), 4 survivors (4096K)
 Metaspace       used 112746K, capacity 115816K, committed 115916K, reserved 1148928K
  class space    used 14407K, capacity 15609K, committed 15616K, reserved 1048576K
}
Event: 36.102 GC heap after
{Heap after GC invocations=66 (full 0):
 garbage-first heap   total 263168K, used 123053K [0x0000000080000000, 0x0000000100000000)
  region size 1024K, 5 young (5120K), 5 survivors (5120K)
 Metaspace       used 112746K, capacity 115816K, committed 115916K, reserved 1148928K
  class space    used 14407K, capacity 15609K, committed 15616K, reserved 1048576K
}
Event: 36.702 GC heap before
{Heap before GC invocations=66 (full 0):
 garbage-first heap   total 263168K, used 210093K [0x0000000080000000, 0x0000000100000000)
  region size 1024K, 91 young (93184K), 5 survivors (5120K)
 Metaspace       used 112504K, capacity 115248K, committed 116172K, reserved 1150976K
  class space    used 14204K, capacity 15243K, committed 15616K, reserved 1048576K
}
Event: 36.720 GC heap after
{Heap after GC invocations=67 (full 0):
 garbage-first heap   total 263168K, used 125757K [0x0000000080000000, 0x0000000100000000)
  region size 1024K, 7 young (7168K), 7 survivors (7168K)
 Metaspace       used 112504K, capacity 115248K, committed 116172K, reserved 1150976K
  class space    used 14204K, capacity 15243K, committed 15616K, reserved 1048576K
}
Event: 37.155 GC heap before
{Heap before GC invocations=68 (full 0):
 garbage-first heap   total 263168K, used 213821K [0x0000000080000000, 0x0000000100000000)
  region size 1024K, 94 young (96256K), 7 survivors (7168K)
 Metaspace       used 112731K, capacity 115458K, committed 116428K, reserved 1150976K
  class space    used 14206K, capacity 15245K, committed 15616K, reserved 1048576K
}
Event: 37.184 GC heap after
{Heap after GC invocations=69 (full 0):
 garbage-first heap   total 263168K, used 127634K [0x0000000080000000, 0x0000000100000000)
  region size 1024K, 8 young (8192K), 8 survivors (8192K)
 Metaspace       used 112731K, capacity 115458K, committed 116428K, reserved 1150976K
  class space    used 14206K, capacity 15245K, committed 15616K, reserved 1048576K
}
Event: 37.216 GC heap before
{Heap before GC invocations=69 (full 0):
 garbage-first heap   total 263168K, used 131730K [0x0000000080000000, 0x0000000100000000)
  region size 1024K, 12 young (12288K), 8 survivors (8192K)
 Metaspace       used 112779K, capacity 115469K, committed 116428K, reserved 1150976K
  class space    used 14206K, capacity 15245K, committed 15616K, reserved 1048576K
}

