# JRE version: OpenJDK Runtime Environment (11.0.10) (build 11.0.10+0-b96-7249189)
# Java VM: OpenJDK 64-Bit Server VM (11.0.10+0-b96-7249189, mixed mode, tiered, compressed oops, g1 gc, windows-amd64)
Heap:
 garbage-first heap   total 717824K, used 194953K [0x0000000080000000, 0x0000000100000000)
  region size 1024K, 5 young (5120K), 5 survivors (5120K)
 Metaspace       used 96210K, capacity 98663K, committed 98816K, reserved 1134592K
  class space    used 12630K, capacity 13535K, committed 13568K, reserved 1048576K
GC Heap History (20 events):
Event: 14.387 GC heap after
{Heap after GC invocations=27 (full 0):
 garbage-first heap   total 139264K, used 71414K [0x0000000080000000, 0x0000000100000000)
  region size 1024K, 4 young (4096K), 4 survivors (4096K)
 Metaspace       used 82133K, capacity 84259K, committed 84608K, reserved 1122304K
  class space    used 10731K, capacity 11530K, committed 11648K, reserved 1048576K
}
Event: 16.041 GC heap before
{Heap before GC invocations=28 (full 0):
 garbage-first heap   total 139264K, used 109302K [0x0000000080000000, 0x0000000100000000)
  region size 1024K, 42 young (43008K), 4 survivors (4096K)
 Metaspace       used 82506K, capacity 84700K, committed 84864K, reserved 1122304K
  class space    used 10739K, capacity 11537K, committed 11648K, reserved 1048576K
}
Event: 16.074 GC heap after
{Heap after GC invocations=29 (full 0):
 garbage-first heap   total 139264K, used 73662K [0x0000000080000000, 0x0000000100000000)
  region size 1024K, 3 young (3072K), 3 survivors (3072K)
 Metaspace       used 82506K, capacity 84700K, committed 84864K, reserved 1122304K
  class space    used 10739K, capacity 11537K, committed 11648K, reserved 1048576K
}
Event: 16.760 GC heap before
{Heap before GC invocations=29 (full 0):
 garbage-first heap   total 139264K, used 111550K [0x0000000080000000, 0x0000000100000000)
  region size 1024K, 41 young (41984K), 3 survivors (3072K)
 Metaspace       used 82984K, capacity 85231K, committed 85376K, reserved 1122304K
  class space    used 10780K, capacity 11617K, committed 11648K, reserved 1048576K
}
Event: 16.771 GC heap after
{Heap after GC invocations=30 (full 0):
 garbage-first heap   total 186368K, used 75647K [0x0000000080000000, 0x0000000100000000)
  region size 1024K, 5 young (5120K), 5 survivors (5120K)
 Metaspace       used 82984K, capacity 85231K, committed 85376K, reserved 1122304K
  class space    used 10780K, capacity 11617K, committed 11648K, reserved 1048576K
}
Event: 18.075 GC heap before
{Heap before GC invocations=31 (full 0):
 garbage-first heap   total 186368K, used 136063K [0x0000000080000000, 0x0000000100000000)
  region size 1024K, 65 young (66560K), 5 survivors (5120K)
 Metaspace       used 84852K, capacity 86976K, committed 87424K, reserved 1124352K
  class space    used 10929K, capacity 11696K, committed 11904K, reserved 1048576K
}
Event: 18.096 GC heap after
{Heap after GC invocations=32 (full 0):
 garbage-first heap   total 186368K, used 78824K [0x0000000080000000, 0x0000000100000000)
  region size 1024K, 8 young (8192K), 8 survivors (8192K)
 Metaspace       used 84852K, capacity 86976K, committed 87424K, reserved 1124352K
  class space    used 10929K, capacity 11696K, committed 11904K, reserved 1048576K
}
Event: 18.926 GC heap before
{Heap before GC invocations=32 (full 0):
 garbage-first heap   total 186368K, used 140264K [0x0000000080000000, 0x0000000100000000)
  region size 1024K, 69 young (70656K), 8 survivors (8192K)
 Metaspace       used 87295K, capacity 89384K, committed 89728K, reserved 1126400K
  class space    used 11226K, capacity 11984K, committed 12160K, reserved 1048576K
}
Event: 19.149 GC heap after
{Heap after GC invocations=33 (full 0):
 garbage-first heap   total 186368K, used 81900K [0x0000000080000000, 0x0000000100000000)
  region size 1024K, 7 young (7168K), 7 survivors (7168K)
 Metaspace       used 87295K, capacity 89384K, committed 89728K, reserved 1126400K
  class space    used 11226K, capacity 11984K, committed 12160K, reserved 1048576K
}
Event: 20.386 GC heap before
{Heap before GC invocations=33 (full 0):
 garbage-first heap   total 186368K, used 132076K [0x0000000080000000, 0x0000000100000000)
  region size 1024K, 51 young (52224K), 7 survivors (7168K)
 Metaspace       used 88127K, capacity 90259K, committed 90624K, reserved 1128448K
  class space    used 11315K, capacity 12103K, committed 12288K, reserved 1048576K
}
Event: 20.421 GC heap after
{Heap after GC invocations=34 (full 0):
 garbage-first heap   total 186368K, used 93982K [0x0000000080000000, 0x0000000100000000)
  region size 1024K, 8 young (8192K), 8 survivors (8192K)
 Metaspace       used 88127K, capacity 90259K, committed 90624K, reserved 1128448K
  class space    used 11315K, capacity 12103K, committed 12288K, reserved 1048576K
}
Event: 21.320 GC heap before
{Heap before GC invocations=35 (full 0):
 garbage-first heap   total 186368K, used 108318K [0x0000000080000000, 0x0000000100000000)
  region size 1024K, 20 young (20480K), 8 survivors (8192K)
 Metaspace       used 90700K, capacity 92792K, committed 92928K, reserved 1130496K
  class space    used 11690K, capacity 12481K, committed 12544K, reserved 1048576K
}
Event: 21.361 GC heap after
{Heap after GC invocations=36 (full 0):
 garbage-first heap   total 372736K, used 100211K [0x0000000080000000, 0x0000000100000000)
  region size 1024K, 3 young (3072K), 3 survivors (3072K)
 Metaspace       used 90700K, capacity 92792K, committed 92928K, reserved 1130496K
  class space    used 11690K, capacity 12481K, committed 12544K, reserved 1048576K
}
Event: 22.807 GC heap before
{Heap before GC invocations=37 (full 0):
 garbage-first heap   total 372736K, used 247667K [0x0000000080000000, 0x0000000100000000)
  region size 1024K, 124 young (126976K), 3 survivors (3072K)
 Metaspace       used 93342K, capacity 95585K, committed 95744K, reserved 1132544K
  class space    used 12211K, capacity 13032K, committed 13056K, reserved 1048576K
}
Event: 23.006 GC heap after
{Heap after GC invocations=38 (full 0):
 garbage-first heap   total 372736K, used 164468K [0x0000000080000000, 0x0000000100000000)
  region size 1024K, 16 young (16384K), 16 survivors (16384K)
 Metaspace       used 93342K, capacity 95585K, committed 95744K, reserved 1132544K
  class space    used 12211K, capacity 13032K, committed 13056K, reserved 1048576K
}
Event: 23.341 GC heap before
{Heap before GC invocations=38 (full 0):
 garbage-first heap   total 372736K, used 199284K [0x0000000080000000, 0x0000000100000000)
  region size 1024K, 50 young (51200K), 16 survivors (16384K)
 Metaspace       used 93371K, capacity 95585K, committed 95744K, reserved 1132544K
  class space    used 12211K, capacity 13032K, committed 13056K, reserved 1048576K
}
Event: 23.556 GC heap after
{Heap after GC invocations=39 (full 0):
 garbage-first heap   total 372736K, used 181760K [0x0000000080000000, 0x0000000100000000)
  region size 1024K, 7 young (7168K), 7 survivors (7168K)
 Metaspace       used 93371K, capacity 95585K, committed 95744K, reserved 1132544K
  class space    used 12211K, capacity 13032K, committed 13056K, reserved 1048576K
}
Event: 24.608 GC heap before
{Heap before GC invocations=39 (full 0):
 garbage-first heap   total 372736K, used 215552K [0x0000000080000000, 0x0000000100000000)
  region size 1024K, 41 young (41984K), 7 survivors (7168K)
 Metaspace       used 95697K, capacity 98103K, committed 98304K, reserved 1134592K
  class space    used 12571K, capacity 13463K, committed 13568K, reserved 1048576K
}
Event: 24.696 GC heap after
{Heap after GC invocations=40 (full 0):
 garbage-first heap   total 372736K, used 189440K [0x0000000080000000, 0x0000000100000000)
  region size 1024K, 6 young (6144K), 6 survivors (6144K)
 Metaspace       used 95697K, capacity 98103K, committed 98304K, reserved 1134592K
  class space    used 12571K, capacity 13463K, committed 13568K, reserved 1048576K
}
Event: 25.401 GC heap before
{Heap before GC invocations=40 (full 0):
 garbage-first heap   total 372736K, used 230400K [0x0000000080000000, 0x0000000100000000)
  region size 1024K, 46 young (47104K), 6 survivors (6144K)
 Metaspace       used 96210K, capacity 98663K, committed 98816K, reserved 1134592K
  class space    used 12630K, capacity 13535K, committed 13568K, reserved 1048576K
}

