# JRE version: OpenJDK Runtime Environment (11.0.10) (build 11.0.10+0-b96-7249189)
# Java VM: OpenJDK 64-Bit Server VM (11.0.10+0-b96-7249189, mixed mode, tiered, compressed oops, g1 gc, windows-amd64)
Heap:
 garbage-first heap   total 296960K, used 246242K [0x0000000080000000, 0x0000000100000000)
  region size 1024K, 41 young (41984K), 1 survivors (1024K)
 Metaspace       used 107603K, capacity 110088K, committed 110380K, reserved 1144832K
  class space    used 13724K, capacity 14646K, committed 14720K, reserved 1048576K
GC Heap History (20 events):
Event: 31.776 GC heap before
{Heap before GC invocations=31 (full 0):
 garbage-first heap   total 242688K, used 209954K [0x0000000080000000, 0x0000000100000000)
  region size 1024K, 77 young (78848K), 11 survivors (11264K)
 Metaspace       used 104044K, capacity 106347K, committed 106540K, reserved 1142784K
  class space    used 13268K, capacity 14131K, committed 14208K, reserved 1048576K
}
Event: 31.862 GC heap after
{Heap after GC invocations=32 (full 0):
 garbage-first heap   total 246784K, used 156230K [0x0000000080000000, 0x0000000100000000)
  region size 1024K, 10 young (10240K), 10 survivors (10240K)
 Metaspace       used 104044K, capacity 106347K, committed 106540K, reserved 1142784K
  class space    used 13268K, capacity 14131K, committed 14208K, reserved 1048576K
}
Event: 31.932 GC heap before
{Heap before GC invocations=32 (full 0):
 garbage-first heap   total 246784K, used 158278K [0x0000000080000000, 0x0000000100000000)
  region size 1024K, 12 young (12288K), 10 survivors (10240K)
 Metaspace       used 104087K, capacity 106347K, committed 106540K, reserved 1142784K
  class space    used 13270K, capacity 14131K, committed 14208K, reserved 1048576K
}
Event: 31.972 GC heap after
{Heap after GC invocations=33 (full 0):
 garbage-first heap   total 246784K, used 151007K [0x0000000080000000, 0x0000000100000000)
  region size 1024K, 2 young (2048K), 2 survivors (2048K)
 Metaspace       used 104087K, capacity 106347K, committed 106540K, reserved 1142784K
  class space    used 13270K, capacity 14131K, committed 14208K, reserved 1048576K
}
Event: 32.362 GC heap before
{Heap before GC invocations=33 (full 0):
 garbage-first heap   total 246784K, used 195039K [0x0000000080000000, 0x0000000100000000)
  region size 1024K, 45 young (46080K), 2 survivors (2048K)
 Metaspace       used 104168K, capacity 106418K, committed 106540K, reserved 1142784K
  class space    used 13270K, capacity 14131K, committed 14208K, reserved 1048576K
}
Event: 32.426 GC heap after
{Heap after GC invocations=34 (full 0):
 garbage-first heap   total 246784K, used 172766K [0x0000000080000000, 0x0000000100000000)
  region size 1024K, 6 young (6144K), 6 survivors (6144K)
 Metaspace       used 104168K, capacity 106418K, committed 106540K, reserved 1142784K
  class space    used 13270K, capacity 14131K, committed 14208K, reserved 1048576K
}
Event: 32.617 GC heap before
{Heap before GC invocations=34 (full 0):
 garbage-first heap   total 246784K, used 197342K [0x0000000080000000, 0x0000000100000000)
  region size 1024K, 31 young (31744K), 6 survivors (6144K)
 Metaspace       used 104201K, capacity 106493K, committed 106796K, reserved 1142784K
  class space    used 13273K, capacity 14136K, committed 14208K, reserved 1048576K
}
Event: 32.646 GC heap after
{Heap after GC invocations=35 (full 0):
 garbage-first heap   total 296960K, used 186861K [0x0000000080000000, 0x0000000100000000)
  region size 1024K, 4 young (4096K), 4 survivors (4096K)
 Metaspace       used 104201K, capacity 106493K, committed 106796K, reserved 1142784K
  class space    used 13273K, capacity 14136K, committed 14208K, reserved 1048576K
}
Event: 35.644 GC heap before
{Heap before GC invocations=36 (full 0):
 garbage-first heap   total 296960K, used 228845K [0x0000000080000000, 0x0000000100000000)
  region size 1024K, 45 young (46080K), 4 survivors (4096K)
 Metaspace       used 105936K, capacity 108214K, committed 108332K, reserved 1142784K
  class space    used 13510K, capacity 14356K, committed 14464K, reserved 1048576K
}
Event: 35.676 GC heap after
{Heap after GC invocations=37 (full 0):
 garbage-first heap   total 296960K, used 202719K [0x0000000080000000, 0x0000000100000000)
  region size 1024K, 6 young (6144K), 6 survivors (6144K)
 Metaspace       used 105936K, capacity 108214K, committed 108332K, reserved 1142784K
  class space    used 13510K, capacity 14356K, committed 14464K, reserved 1048576K
}
Event: 35.829 GC heap before
{Heap before GC invocations=37 (full 0):
 garbage-first heap   total 296960K, used 209887K [0x0000000080000000, 0x0000000100000000)
  region size 1024K, 14 young (14336K), 6 survivors (6144K)
 Metaspace       used 106196K, capacity 108492K, committed 108588K, reserved 1142784K
  class space    used 13543K, capacity 14404K, committed 14464K, reserved 1048576K
}
Event: 35.842 GC heap after
{Heap after GC invocations=38 (full 0):
 garbage-first heap   total 296960K, used 204435K [0x0000000080000000, 0x0000000100000000)
  region size 1024K, 2 young (2048K), 2 survivors (2048K)
 Metaspace       used 106196K, capacity 108492K, committed 108588K, reserved 1142784K
  class space    used 13543K, capacity 14404K, committed 14464K, reserved 1048576K
}
Event: 36.679 GC heap before
{Heap before GC invocations=38 (full 0):
 garbage-first heap   total 296960K, used 236179K [0x0000000080000000, 0x0000000100000000)
  region size 1024K, 34 young (34816K), 2 survivors (2048K)
 Metaspace       used 106792K, capacity 109305K, committed 109484K, reserved 1144832K
  class space    used 13649K, capacity 14568K, committed 14592K, reserved 1048576K
}
Event: 36.792 GC heap after
{Heap after GC invocations=39 (full 0):
 garbage-first heap   total 296960K, used 207707K [0x0000000080000000, 0x0000000100000000)
  region size 1024K, 5 young (5120K), 5 survivors (5120K)
 Metaspace       used 106792K, capacity 109305K, committed 109484K, reserved 1144832K
  class space    used 13649K, capacity 14568K, committed 14592K, reserved 1048576K
}
Event: 38.376 GC heap before
{Heap before GC invocations=39 (full 0):
 garbage-first heap   total 296960K, used 230235K [0x0000000080000000, 0x0000000100000000)
  region size 1024K, 37 young (37888K), 5 survivors (5120K)
 Metaspace       used 107053K, capacity 109530K, committed 109740K, reserved 1144832K
  class space    used 13670K, capacity 14572K, committed 14592K, reserved 1048576K
}
Event: 38.446 GC heap after
{Heap after GC invocations=40 (full 0):
 garbage-first heap   total 296960K, used 200982K [0x0000000080000000, 0x0000000100000000)
  region size 1024K, 3 young (3072K), 3 survivors (3072K)
 Metaspace       used 107053K, capacity 109530K, committed 109740K, reserved 1144832K
  class space    used 13670K, capacity 14572K, committed 14592K, reserved 1048576K
}
Event: 40.103 GC heap before
{Heap before GC invocations=41 (full 0):
 garbage-first heap   total 296960K, used 248086K [0x0000000080000000, 0x0000000100000000)
  region size 1024K, 41 young (41984K), 3 survivors (3072K)
 Metaspace       used 107311K, capacity 109828K, committed 110124K, reserved 1144832K
  class space    used 13698K, capacity 14625K, committed 14720K, reserved 1048576K
}
Event: 40.130 GC heap after
{Heap after GC invocations=42 (full 0):
 garbage-first heap   total 296960K, used 213365K [0x0000000080000000, 0x0000000100000000)
  region size 1024K, 6 young (6144K), 6 survivors (6144K)
 Metaspace       used 107311K, capacity 109828K, committed 110124K, reserved 1144832K
  class space    used 13698K, capacity 14625K, committed 14720K, reserved 1048576K
}
Event: 40.184 GC heap before
{Heap before GC invocations=42 (full 0):
 garbage-first heap   total 296960K, used 221557K [0x0000000080000000, 0x0000000100000000)
  region size 1024K, 14 young (14336K), 6 survivors (6144K)
 Metaspace       used 107311K, capacity 109828K, committed 110124K, reserved 1144832K
  class space    used 13698K, capacity 14625K, committed 14720K, reserved 1048576K
}
Event: 40.246 GC heap after
{Heap after GC invocations=43 (full 0):
 garbage-first heap   total 296960K, used 198114K [0x0000000080000000, 0x0000000100000000)
  region size 1024K, 1 young (1024K), 1 survivors (1024K)
 Metaspace       used 107311K, capacity 109828K, committed 110124K, reserved 1144832K
  class space    used 13698K, capacity 14625K, committed 14720K, reserved 1048576K
}

