# JRE version: OpenJDK Runtime Environment (11.0.10) (build 11.0.10+0-b96-7249189)
# Java VM: OpenJDK 64-Bit Server VM (11.0.10+0-b96-7249189, mixed mode, tiered, compressed oops, g1 gc, windows-amd64)
Heap:
 garbage-first heap   total 750592K, used 202060K [0x0000000080000000, 0x0000000100000000)
  region size 1024K, 5 young (5120K), 5 survivors (5120K)
 Metaspace       used 98139K, capacity 100603K, committed 100940K, reserved 1136640K
  class space    used 12831K, capacity 13753K, committed 13952K, reserved 1048576K
GC Heap History (20 events):
Event: 35.495 GC heap after
{Heap after GC invocations=54 (full 0):
 garbage-first heap   total 172032K, used 93356K [0x0000000080000000, 0x0000000100000000)
  region size 1024K, 5 young (5120K), 5 survivors (5120K)
 Metaspace       used 89786K, capacity 91925K, committed 92236K, reserved 1128448K
  class space    used 11502K, capacity 12281K, committed 12416K, reserved 1048576K
}
Event: 35.676 GC heap before
{Heap before GC invocations=55 (full 0):
 garbage-first heap   total 172032K, used 96428K [0x0000000080000000, 0x0000000100000000)
  region size 1024K, 9 young (9216K), 5 survivors (5120K)
 Metaspace       used 89880K, capacity 91992K, committed 92236K, reserved 1128448K
  class space    used 11509K, capacity 12282K, committed 12416K, reserved 1048576K
}
Event: 35.688 GC heap after
{Heap after GC invocations=56 (full 0):
 garbage-first heap   total 172032K, used 96492K [0x0000000080000000, 0x0000000100000000)
  region size 1024K, 5 young (5120K), 5 survivors (5120K)
 Metaspace       used 89880K, capacity 91992K, committed 92236K, reserved 1128448K
  class space    used 11509K, capacity 12282K, committed 12416K, reserved 1048576K
}
Event: 36.151 GC heap before
{Heap before GC invocations=57 (full 0):
 garbage-first heap   total 172032K, used 110828K [0x0000000080000000, 0x0000000100000000)
  region size 1024K, 17 young (17408K), 5 survivors (5120K)
 Metaspace       used 92452K, capacity 94616K, committed 94924K, reserved 1132544K
  class space    used 11892K, capacity 12672K, committed 12800K, reserved 1048576K
}
Event: 36.164 GC heap after
{Heap after GC invocations=58 (full 0):
 garbage-first heap   total 206848K, used 102559K [0x0000000080000000, 0x0000000100000000)
  region size 1024K, 5 young (5120K), 5 survivors (5120K)
 Metaspace       used 92452K, capacity 94616K, committed 94924K, reserved 1132544K
  class space    used 11892K, capacity 12672K, committed 12800K, reserved 1048576K
}
Event: 36.433 GC heap before
{Heap before GC invocations=59 (full 0):
 garbage-first heap   total 206848K, used 165023K [0x0000000080000000, 0x0000000100000000)
  region size 1024K, 46 young (47104K), 5 survivors (5120K)
 Metaspace       used 92778K, capacity 94929K, committed 95180K, reserved 1132544K
  class space    used 11929K, capacity 12712K, committed 12800K, reserved 1048576K
}
Event: 36.503 GC heap after
{Heap after GC invocations=60 (full 0):
 garbage-first heap   total 206848K, used 130202K [0x0000000080000000, 0x0000000100000000)
  region size 1024K, 6 young (6144K), 6 survivors (6144K)
 Metaspace       used 92778K, capacity 94929K, committed 95180K, reserved 1132544K
  class space    used 11929K, capacity 12712K, committed 12800K, reserved 1048576K
}
Event: 36.786 GC heap before
{Heap before GC invocations=61 (full 0):
 garbage-first heap   total 206848K, used 159898K [0x0000000080000000, 0x0000000100000000)
  region size 1024K, 34 young (34816K), 6 survivors (6144K)
 Metaspace       used 94992K, capacity 97248K, committed 97484K, reserved 1134592K
  class space    used 12434K, capacity 13287K, committed 13312K, reserved 1048576K
}
Event: 36.826 GC heap after
{Heap after GC invocations=62 (full 0):
 garbage-first heap   total 206848K, used 142336K [0x0000000080000000, 0x0000000100000000)
  region size 1024K, 5 young (5120K), 5 survivors (5120K)
 Metaspace       used 94992K, capacity 97248K, committed 97484K, reserved 1134592K
  class space    used 12434K, capacity 13287K, committed 13312K, reserved 1048576K
}
Event: 36.874 GC heap before
{Heap before GC invocations=62 (full 0):
 garbage-first heap   total 206848K, used 163840K [0x0000000080000000, 0x0000000100000000)
  region size 1024K, 27 young (27648K), 5 survivors (5120K)
 Metaspace       used 95105K, capacity 97383K, committed 97484K, reserved 1134592K
  class space    used 12434K, capacity 13287K, committed 13312K, reserved 1048576K
}
Event: 36.983 GC heap after
{Heap after GC invocations=63 (full 0):
 garbage-first heap   total 206848K, used 154452K [0x0000000080000000, 0x0000000100000000)
  region size 1024K, 4 young (4096K), 4 survivors (4096K)
 Metaspace       used 95105K, capacity 97383K, committed 97484K, reserved 1134592K
  class space    used 12434K, capacity 13287K, committed 13312K, reserved 1048576K
}
Event: 37.023 GC heap before
{Heap before GC invocations=63 (full 0):
 garbage-first heap   total 206848K, used 169812K [0x0000000080000000, 0x0000000100000000)
  region size 1024K, 19 young (19456K), 4 survivors (4096K)
 Metaspace       used 95134K, capacity 97453K, committed 97484K, reserved 1134592K
  class space    used 12434K, capacity 13287K, committed 13312K, reserved 1048576K
}
Event: 37.057 GC heap after
{Heap after GC invocations=64 (full 0):
 garbage-first heap   total 413696K, used 162534K [0x0000000080000000, 0x0000000100000000)
  region size 1024K, 3 young (3072K), 3 survivors (3072K)
 Metaspace       used 95134K, capacity 97453K, committed 97484K, reserved 1134592K
  class space    used 12434K, capacity 13287K, committed 13312K, reserved 1048576K
}
Event: 37.743 GC heap before
{Heap before GC invocations=65 (full 0):
 garbage-first heap   total 413696K, used 236262K [0x0000000080000000, 0x0000000100000000)
  region size 1024K, 76 young (77824K), 3 survivors (3072K)
 Metaspace       used 96949K, capacity 99247K, committed 99276K, reserved 1134592K
  class space    used 12695K, capacity 13561K, committed 13568K, reserved 1048576K
}
Event: 37.796 GC heap after
{Heap after GC invocations=66 (full 0):
 garbage-first heap   total 413696K, used 193536K [0x0000000080000000, 0x0000000100000000)
  region size 1024K, 10 young (10240K), 10 survivors (10240K)
 Metaspace       used 96949K, capacity 99247K, committed 99276K, reserved 1134592K
  class space    used 12695K, capacity 13561K, committed 13568K, reserved 1048576K
}
Event: 39.206 GC heap before
{Heap before GC invocations=66 (full 0):
 garbage-first heap   total 413696K, used 264192K [0x0000000080000000, 0x0000000100000000)
  region size 1024K, 78 young (79872K), 10 survivors (10240K)
 Metaspace       used 98060K, capacity 100640K, committed 100940K, reserved 1136640K
  class space    used 12857K, capacity 13826K, committed 13952K, reserved 1048576K
}
Event: 39.252 GC heap after
{Heap after GC invocations=67 (full 0):
 garbage-first heap   total 413696K, used 203584K [0x0000000080000000, 0x0000000100000000)
  region size 1024K, 8 young (8192K), 8 survivors (8192K)
 Metaspace       used 98060K, capacity 100640K, committed 100940K, reserved 1136640K
  class space    used 12857K, capacity 13826K, committed 13952K, reserved 1048576K
}
Event: 39.281 GC heap before
{Heap before GC invocations=67 (full 0):
 garbage-first heap   total 413696K, used 205632K [0x0000000080000000, 0x0000000100000000)
  region size 1024K, 11 young (11264K), 8 survivors (8192K)
 Metaspace       used 98061K, capacity 100640K, committed 100940K, reserved 1136640K
  class space    used 12857K, capacity 13826K, committed 13952K, reserved 1048576K
}
Event: 39.328 GC heap after
{Heap after GC invocations=68 (full 0):
 garbage-first heap   total 413696K, used 205018K [0x0000000080000000, 0x0000000100000000)
  region size 1024K, 2 young (2048K), 2 survivors (2048K)
 Metaspace       used 98061K, capacity 100640K, committed 100940K, reserved 1136640K
  class space    used 12857K, capacity 13826K, committed 13952K, reserved 1048576K
}
Event: 42.194 GC heap before
{Heap before GC invocations=69 (full 0):
 garbage-first heap   total 413696K, used 240858K [0x0000000080000000, 0x0000000100000000)
  region size 1024K, 45 young (46080K), 2 survivors (2048K)
 Metaspace       used 98139K, capacity 100603K, committed 100940K, reserved 1136640K
  class space    used 12831K, capacity 13753K, committed 13952K, reserved 1048576K
}

